<?xml version="1.0" encoding="UTF-8"?>
<Site BuildName="Linux-clang++"
	BuildStamp="20260114-1450-Experimental"
	Name="anonymous-Legion-Slim-5-16ARP9"
	Generator="ctest-3.28.3"
	CompilerName="/usr/bin/clang++"
	CompilerVersion="18.1.3"
	OSName="Linux"
	Hostname="anonymous-Legion-Slim-5-16ARP9"
	OSRelease="6.14.0-37-generic"
	OSVersion="#37~24.04.1-Ubuntu SMP PREEMPT_DYNAMIC Thu Nov 20 10:25:38 UTC 2"
	OSPlatform="x86_64"
	Is64Bits="1"
	VendorString="AuthenticAMD"
	VendorID="Advanced Micro Devices"
	FamilyID="25"
	ModelID="68"
	ProcessorCacheSize="512"
	NumberOfLogicalCPU="16"
	NumberOfPhysicalCPU="8"
	TotalVirtualMemory="4095"
	TotalPhysicalMemory="15673"
	LogicalProcessorsPerPhysical="2"
	ProcessorClockFrequency="4446.5"
	>
	<Testing>
		<StartDateTime>Jan 14 15:50 CET</StartDateTime>
		<StartTestTime>1768402207</StartTestTime>
		<TestList/>
		<EndDateTime>Jan 14 15:50 CET</EndDateTime>
		<EndTestTime>1768402207</EndTestTime>
		<ElapsedMinutes>0</ElapsedMinutes>
	</Testing>
</Site>
